<?xml version="1.0" encoding="UTF-8"?>
<testsuite xmlns:xsi="http://www.w3.org/2001/XMLSchema-instance" xsi:noNamespaceSchemaLocation="https://maven.apache.org/surefire/maven-surefire-plugin/xsd/surefire-test-report.xsd" version="3.0.2" name="com.unik.discovery_server.DiscoveryServerApplicationTests" time="5.066" tests="1" errors="0" skipped="0" failures="0">
  <properties>
[...]
</properties>
  <testcase name="contextLoads" classname="com.unik.discovery_server.DiscoveryServerApplicationTests" time="0.707">
    <system-out><![CDATA[14:10:11.681 [main] INFO org.springframework.test.context.support.AnnotationConfigContextLoaderUtils -- Could not detect default configuration classes for test class [com.unik.discovery_server.DiscoveryServerApplicationTests]: DiscoveryServerApplicationTests does not declare any static, non-private, non-final, nested classes annotated with @Configuration.
14:10:11.767 [main] INFO org.springframework.boot.test.context.SpringBootTestContextBootstrapper -- Found @SpringBootConfiguration com.unik.discovery_server.DiscoveryServerApplication for test class com.unik.discovery_server.DiscoveryServerApplicationTests

  .   ____          _            __ _ _
 /\\ / ___'_ __ _ _(_)_ __  __ _ \ \ \ \
( ( )\___ | '_ | '_| | '_ \/ _` | \ \ \ \
 \\/  ___)| |_)| | | | | || (_| |  ) ) ) )
  '  |____| .__|_| |_|_| |_\__, | / / / /
 =========|_|==============|___/=/_/_/_/

 :: Spring Boot ::                (v4.0.3)

2026-03-16T14:10:13.110+04:00  INFO 23856 --- [discovery-server] [           main] c.u.d.DiscoveryServerApplicationTests    : Starting DiscoveryServerApplicationTests using Java 17.0.18 with PID 23856 (started by SF in D:\Уник\microservices\Spring_Cloud_Config_Server_1\discovery-server)
2026-03-16T14:10:13.112+04:00  INFO 23856 --- [discovery-server] [           main] c.u.d.DiscoveryServerApplicationTests    : No active profile set, falling back to 1 default profile: "default"
2026-03-16T14:10:13.148+04:00  INFO 23856 --- [discovery-server] [           main] o.s.c.c.c.ConfigServerConfigDataLoader   : Fetching config from server at : http://localhost:8888
2026-03-16T14:10:13.148+04:00  INFO 23856 --- [discovery-server] [           main] o.s.c.c.c.ConfigServerConfigDataLoader   : Located environment: name=discovery-server, profiles=[default], label=null, version=null, state=null
2026-03-16T14:10:14.044+04:00  INFO 23856 --- [discovery-server] [           main] o.s.cloud.context.scope.GenericScope     : BeanFactory id=1b06be7a-535c-3371-88a8-80d6e726eba0
2026-03-16T14:10:14.382+04:00  INFO 23856 --- [discovery-server] [           main] o.s.v.b.OptionalValidatorFactoryBean     : Failed to set up a Bean Validation provider: jakarta.validation.NoProviderFoundException: Unable to create a Configuration, because no Jakarta Validation provider could be found. Add a provider like Hibernate Validator (RI) to your classpath.
2026-03-16T14:10:15.296+04:00  WARN 23856 --- [discovery-server] [           main] iguration$LoadBalancerCaffeineWarnLogger : Spring Cloud LoadBalancer is currently working with the default cache. While this cache implementation is useful for development and tests, it's recommended to use Caffeine cache in production.You can switch to using Caffeine cache, by adding it and org.springframework.cache.caffeine.CaffeineCacheManager to the classpath.
2026-03-16T14:10:15.485+04:00  INFO 23856 --- [discovery-server] [           main] o.s.c.n.eureka.InstanceInfoFactory       : Setting initial instance status as: STARTING
2026-03-16T14:10:15.511+04:00  INFO 23856 --- [discovery-server] [           main] com.netflix.discovery.DiscoveryClient    : Initializing Eureka in region us-east-1
2026-03-16T14:10:15.512+04:00  INFO 23856 --- [discovery-server] [           main] com.netflix.discovery.DiscoveryClient    : Client configured to neither register nor query for data.
2026-03-16T14:10:15.513+04:00  INFO 23856 --- [discovery-server] [           main] com.netflix.discovery.DiscoveryClient    : Discovery Client initialized at timestamp 1773655815513 with initial instances count: 0
2026-03-16T14:10:15.573+04:00  INFO 23856 --- [discovery-server] [           main] c.n.eureka.DefaultEurekaServerContext    : Initializing ...
2026-03-16T14:10:15.573+04:00  WARN 23856 --- [discovery-server] [           main] c.n.eureka.cluster.PeerEurekaNodes       : The replica size seems to be empty. Check the route 53 DNS Registry
2026-03-16T14:10:15.586+04:00  INFO 23856 --- [discovery-server] [           main] c.n.e.registry.AbstractInstanceRegistry  : Finished initializing remote region registries. All known remote regions: []
2026-03-16T14:10:15.586+04:00  INFO 23856 --- [discovery-server] [           main] c.n.eureka.DefaultEurekaServerContext    : Initialized
2026-03-16T14:10:15.683+04:00  INFO 23856 --- [discovery-server] [           main] o.s.b.a.e.web.EndpointLinksResolver      : Exposing 2 endpoints beneath base path '/actuator'
2026-03-16T14:10:15.741+04:00  INFO 23856 --- [discovery-server] [           main] o.s.c.n.e.s.EurekaServiceRegistry        : Registering application DISCOVERY-SERVER with eureka with status UP
2026-03-16T14:10:15.750+04:00  INFO 23856 --- [discovery-server] [           main] c.u.d.DiscoveryServerApplicationTests    : Started DiscoveryServerApplicationTests in 3.711 seconds (process running for 5.0)
2026-03-16T14:10:15.755+04:00  INFO 23856 --- [discovery-server] [      Thread-10] o.s.c.n.e.server.EurekaServerBootstrap   : isAws returned false
2026-03-16T14:10:15.757+04:00  INFO 23856 --- [discovery-server] [      Thread-10] o.s.c.n.e.server.EurekaServerBootstrap   : Initialized server context
2026-03-16T14:10:15.757+04:00  INFO 23856 --- [discovery-server] [      Thread-10] c.n.e.r.PeerAwareInstanceRegistryImpl    : Got 1 instances from neighboring DS node
2026-03-16T14:10:15.757+04:00  INFO 23856 --- [discovery-server] [      Thread-10] c.n.e.r.PeerAwareInstanceRegistryImpl    : Renew threshold is: 1
2026-03-16T14:10:15.757+04:00  INFO 23856 --- [discovery-server] [      Thread-10] c.n.e.r.PeerAwareInstanceRegistryImpl    : Changing status to UP
2026-03-16T14:10:15.759+04:00  INFO 23856 --- [discovery-server] [      Thread-10] e.s.EurekaServerInitializerConfiguration : Started Eureka Server
]]></system-out>
  </testcase>
</testsuite>